{"name": "Confirm Order", "status": "failed", "statusDetails": {"message": "AssertionError\n", "trace": "  File \"c:\\users\\prade\\appdata\\local\\programs\\python\\python37\\lib\\site-packages\\behave\\model.py\", line 1329, in run\n    match.run(runner.context)\n  File \"c:\\users\\prade\\appdata\\local\\programs\\python\\python37\\lib\\site-packages\\behave\\matchers.py\", line 98, in run\n    self.func(context, *args, **kwargs)\n  File \"features\\steps\\MyStore_Steps.py\", line 172, in step_impl\n    assert context.payment_page.get_text_ACCOUNT_OWNER_element() == \"Mickey Mouse\"\n"}, "steps": [{"name": "Given User enters Bank-Wire Payment page", "status": "passed", "start": 1610565282715, "stop": 1610565282716}, {"name": "And Total Price is appropriate", "status": "passed", "start": 1610565282716, "stop": 1610565282717}, {"name": "Then Click I confirm my order", "status": "passed", "start": 1610565282718, "stop": 1610565286632}, {"name": "Then Account owner name is displayed appropriately", "status": "failed", "statusDetails": {"message": "AssertionError\n", "trace": "  File \"c:\\users\\prade\\appdata\\local\\programs\\python\\python37\\lib\\site-packages\\behave\\model.py\", line 1329, in run\n    match.run(runner.context)\n  File \"c:\\users\\prade\\appdata\\local\\programs\\python\\python37\\lib\\site-packages\\behave\\matchers.py\", line 98, in run\n    self.func(context, *args, **kwargs)\n  File \"features\\steps\\MyStore_Steps.py\", line 172, in step_impl\n    assert context.payment_page.get_text_ACCOUNT_OWNER_element() == \"Mickey Mouse\"\n"}, "start": 1610565286633, "stop": 1610565288687}], "start": 1610565282714, "stop": 1610565288689, "uuid": "b41d6ac3-b510-4b5d-af51-97222a61df99", "historyId": "1d20d8856ec2751d8ab9ff83cce7035a", "fullName": "features/MyStore.feature:Confirm Order", "labels": [{"name": "severity", "value": "normal"}, {"name": "feature", "value": "MyStore User Purchase"}, {"name": "framework", "value": "behave"}, {"name": "language", "value": "cpython3"}]}